[     168ms] [WARNING] <link rel=preload> must have a valid `as` value @ https://www.techinasia.com/jobs/search:2
[    1885ms] [WARNING] [GPT] PubAdsService.collapseEmptyDivs is deprecated, use googletag.setConfig({collapseDiv: ...}) instead.
https://goo.gle/gpt-message#170 @ https://static.techinasia.com/assets/v5/app.ffe59f5b.js:1
[    1886ms] [WARNING] [GPT] Error in googletag.display: could not find div with id "div-gpt-ad-incognito-0" in DOM for slot: /3626850/top_article_leaderboard.
https://goo.gle/gpt-message#23 @ https://static.techinasia.com/assets/v5/app.ffe59f5b.js:1
[    1887ms] [WARNING] [GPT] Error in googletag.display: could not find div with id "div-gpt-ad-1539855566969-0" in DOM for slot: /3626850/top_homepage_leaderboard.
https://goo.gle/gpt-message#23 @ https://static.techinasia.com/assets/v5/app.ffe59f5b.js:1
[    1888ms] [WARNING] [GPT] Error in googletag.display: could not find div with id "div-gpt-ad-replaceAdSense-0" in DOM for slot: /3626850/In-article_leaderboard_1.
https://goo.gle/gpt-message#23 @ https://static.techinasia.com/assets/v5/app.ffe59f5b.js:1
[    1888ms] [WARNING] [GPT] Error in googletag.display: could not find div with id "div-gpt-ad-1536903702346-0" in DOM for slot: /3626850/top_article_leaderboard.
https://goo.gle/gpt-message#23 @ https://static.techinasia.com/assets/v5/app.ffe59f5b.js:1
[    1888ms] [WARNING] [GPT] Error in googletag.display: could not find div with id "div-gpt-ad-jobs-0" in DOM for slot: /3626850/Top_jobs_leaderboard.
https://goo.gle/gpt-message#23 @ https://static.techinasia.com/assets/v5/app.ffe59f5b.js:1
[    1889ms] [WARNING] [GPT] Error in googletag.display: could not find div with id "div-gpt-ad-1728374069822-0" in DOM for slot: /3626850/search_leaderboard.
https://goo.gle/gpt-message#23 @ https://static.techinasia.com/assets/v5/app.ffe59f5b.js:1
[    1889ms] [WARNING] [GPT] Error in googletag.display: could not find div with id "div-gpt-ad-1728375675127-0" in DOM for slot: /3626850/jobs_search_leaderboard.
https://goo.gle/gpt-message#23 @ https://static.techinasia.com/assets/v5/app.ffe59f5b.js:1
[    1889ms] [WARNING] [GPT] Error in googletag.display: could not find div with id "div-gpt-ad-1728377409546-0" in DOM for slot: /3626850/inarticle-end-leaderboard.
https://goo.gle/gpt-message#23 @ https://static.techinasia.com/assets/v5/app.ffe59f5b.js:1
[    2199ms] [WARNING] [Meta Pixel] - Duplicate Pixel ID: 876489789048935. @ https://static.techinasia.com/assets/v5/app.ffe59f5b.js:1
